[2026-02-25 07:43:10] [====] =========================================
[2026-02-25 07:43:10] [====]  GUID MIGRATION STARTED
[2026-02-25 07:43:10] [====] =========================================
[2026-02-25 07:43:10] [INFO] Source: couchbase://162.19.239.150 / PRODDATA
[2026-02-25 07:43:10] [INFO] Target: couchbase://localhost / Daily-Backup
[2026-02-25 07:43:10] [INFO] Scope: UCG
[2026-02-25 07:43:10] [INFO] CompanyId: 1
[2026-02-25 07:43:10] [INFO] Log file: /Users/shreedhardeshwal/Desktop/SA/CouchBase/Datamigration/GuidMigration/GuidMigration/bin/Debug/net8.0/../../../logs/migration-2026-02-25_07-43-10.log
[2026-02-25 07:43:10] [====] =========================================
[2026-02-25 07:43:10] [INFO] Connecting to source cluster...
[2026-02-25 07:43:12] [OK] Connected to source cluster.
[2026-02-25 07:43:12] [INFO] Connecting to target cluster...
[2026-02-25 07:43:12] [OK] Connected to target cluster.
[2026-02-25 07:43:12] [INFO] Scope 'UCG' already exists.
[2026-02-25 07:43:12] [INFO] Collection 'Classification' already exists.
[2026-02-25 07:43:12] [INFO] Collection 'SubClassification' already exists.
[2026-02-25 07:43:12] [INFO] Collection 'Hierarchy' already exists.
[2026-02-25 07:43:12] [OK] Primary index ensured for Classification
[2026-02-25 07:43:12] [OK] Primary index ensured for SubClassification
[2026-02-25 07:43:12] [OK] Primary index ensured for Hierarchy
[2026-02-25 07:43:12] [====] --- STEP 3: Fetch Hierarchy ---
[2026-02-25 07:43:12] [INFO] Fetching Hierarchy where companyId = 1...
[2026-02-25 07:43:13] [OK] Fetched 54 Hierarchy documents.
[2026-02-25 07:43:13] [====] --- STEP 4: Separate Hierarchy by level ---
[2026-02-25 07:43:13] [INFO] Sample hierarchy doc structure: {"docId":[],"companyId":[],"createdBy":[],"createdDate":[],"id":[],"imageUrl":[],"isDeleted":[],"lastModifiedBy":[],"lastModifiedDate":[],"level":[],"name":[],"parentId":[],"parentname":[]}
