[2026-02-25 07:41:57] [====] =========================================
[2026-02-25 07:41:57] [====]  GUID MIGRATION STARTED
[2026-02-25 07:41:57] [====] =========================================
[2026-02-25 07:41:57] [INFO] Source: couchbase://162.19.239.150 / PRODDATA
[2026-02-25 07:41:57] [INFO] Target: couchbase://localhost / Daily-Backup
[2026-02-25 07:41:57] [INFO] Scope: UCG
[2026-02-25 07:41:57] [INFO] CompanyId: 1
[2026-02-25 07:41:57] [INFO] Log file: /Users/shreedhardeshwal/Desktop/SA/CouchBase/Datamigration/GuidMigration/GuidMigration/bin/Debug/net8.0/../../../logs/migration-2026-02-25_07-41-57.log
[2026-02-25 07:41:57] [====] =========================================
[2026-02-25 07:41:57] [INFO] Connecting to source cluster...
[2026-02-25 07:41:59] [OK] Connected to source cluster.
[2026-02-25 07:41:59] [INFO] Connecting to target cluster...
[2026-02-25 07:41:59] [OK] Connected to target cluster.
[2026-02-25 07:41:59] [INFO] Scope 'UCG' already exists.
[2026-02-25 07:41:59] [INFO] Collection 'Classification' already exists.
[2026-02-25 07:41:59] [INFO] Collection 'SubClassification' already exists.
[2026-02-25 07:41:59] [INFO] Collection 'Hierarchy' already exists.
[2026-02-25 07:41:59] [OK] Primary index ensured for Classification
[2026-02-25 07:41:59] [OK] Primary index ensured for SubClassification
[2026-02-25 07:41:59] [OK] Primary index ensured for Hierarchy
[2026-02-25 07:41:59] [====] --- STEP 3: Fetch Hierarchy ---
[2026-02-25 07:41:59] [INFO] Fetching Hierarchy where companyId = 1...
