[2026-02-25 07:42:42] [====] =========================================
[2026-02-25 07:42:42] [====]  GUID MIGRATION STARTED
[2026-02-25 07:42:42] [====] =========================================
[2026-02-25 07:42:42] [INFO] Source: couchbase://162.19.239.150 / PRODDATA
[2026-02-25 07:42:42] [INFO] Target: couchbase://localhost / Daily-Backup
[2026-02-25 07:42:42] [INFO] Scope: UCG
[2026-02-25 07:42:42] [INFO] CompanyId: 1
[2026-02-25 07:42:42] [INFO] Log file: /Users/shreedhardeshwal/Desktop/SA/CouchBase/Datamigration/GuidMigration/GuidMigration/bin/Debug/net8.0/../../../logs/migration-2026-02-25_07-42-42.log
[2026-02-25 07:42:42] [====] =========================================
[2026-02-25 07:42:42] [INFO] Connecting to source cluster...
[2026-02-25 07:42:44] [OK] Connected to source cluster.
[2026-02-25 07:42:44] [INFO] Connecting to target cluster...
[2026-02-25 07:42:44] [OK] Connected to target cluster.
[2026-02-25 07:42:44] [INFO] Scope 'UCG' already exists.
[2026-02-25 07:42:44] [INFO] Collection 'Classification' already exists.
[2026-02-25 07:42:44] [INFO] Collection 'SubClassification' already exists.
[2026-02-25 07:42:44] [INFO] Collection 'Hierarchy' already exists.
[2026-02-25 07:42:44] [OK] Primary index ensured for Classification
[2026-02-25 07:42:44] [OK] Primary index ensured for SubClassification
[2026-02-25 07:42:44] [OK] Primary index ensured for Hierarchy
[2026-02-25 07:42:44] [====] --- STEP 3: Fetch Hierarchy ---
[2026-02-25 07:42:44] [INFO] Fetching Hierarchy where companyId = 1...
[2026-02-25 07:42:44] [OK] Fetched 54 Hierarchy documents.
[2026-02-25 07:42:44] [====] --- STEP 4: Separate Hierarchy by level ---
