[2026-02-25 07:45:22] [====] =========================================
[2026-02-25 07:45:22] [====]  GUID MIGRATION STARTED
[2026-02-25 07:45:22] [====] =========================================
[2026-02-25 07:45:22] [INFO] Source: couchbase://162.19.239.150 / PRODDATA
[2026-02-25 07:45:22] [INFO] Target: couchbase://localhost / Daily-Backup
[2026-02-25 07:45:22] [INFO] Scope: UCG
[2026-02-25 07:45:22] [INFO] CompanyId: 1
[2026-02-25 07:45:22] [INFO] Log file: /Users/shreedhardeshwal/Desktop/SA/CouchBase/Datamigration/GuidMigration/GuidMigration/bin/Debug/net8.0/../../../logs/migration-2026-02-25_07-45-22.log
[2026-02-25 07:45:22] [====] =========================================
[2026-02-25 07:45:22] [INFO] Connecting to source cluster...
[2026-02-25 07:45:24] [OK] Connected to source cluster.
[2026-02-25 07:45:24] [INFO] Connecting to target cluster...
[2026-02-25 07:45:24] [OK] Connected to target cluster.
[2026-02-25 07:45:24] [INFO] Scope 'UCG' already exists.
[2026-02-25 07:45:24] [INFO] Collection 'Classification' already exists.
[2026-02-25 07:45:24] [INFO] Collection 'SubClassification' already exists.
[2026-02-25 07:45:24] [INFO] Collection 'Hierarchy' already exists.
[2026-02-25 07:45:24] [OK] Primary index ensured for Classification
[2026-02-25 07:45:24] [OK] Primary index ensured for SubClassification
[2026-02-25 07:45:24] [OK] Primary index ensured for Hierarchy
[2026-02-25 07:45:24] [====] --- STEP 3: Fetch Hierarchy ---
[2026-02-25 07:45:24] [INFO] Fetching Hierarchy where companyId = 1...
[2026-02-25 07:45:25] [OK] Fetched 54 Hierarchy documents.
[2026-02-25 07:45:25] [====] --- STEP 4: Separate Hierarchy by level ---
[2026-02-25 07:45:25] [INFO] DEBUG doc: {
  "id": "68e64c27-951d-4a19-b7c9-438633c63b0b",
  "name": "Green Beans",
  "parentname": "Vegetables",
  "parentId": "2399fe69-1a7f-495e-b6b6-9dff31470e0c",
  "level": 2,
  "imageUrl": "Green Beans_v2jjrxgg.mqf.jpg",
  "companyId": 1,
  "isDeleted": false,
  "createdBy": null,
  "createdDate": "2026-01-06T07:46:34.7059482+02:00",
  "lastModifiedBy": null,
  "lastModifiedDate": null
}
[2026-02-25 07:45:25] [INFO] Classification IDs (level=1): 7
[2026-02-25 07:45:25] [INFO] SubClassification IDs (level>1): 47
[2026-02-25 07:45:25] [====] --- STEP 5: Fetch Classifications ---
[2026-02-25 07:45:25] [INFO] Fetching 7 Classification documents in batches of 100...
[2026-02-25 07:45:25] [INFO]   Batch 1: fetched 7 IDs
[2026-02-25 07:45:25] [OK] Fetched 7 of 7 Classification documents.
[2026-02-25 07:45:25] [====] --- STEP 6: Fetch SubClassifications ---
[2026-02-25 07:45:25] [INFO] Fetching 47 SubClassification documents in batches of 100...
[2026-02-25 07:45:26] [INFO]   Batch 1: fetched 47 IDs
[2026-02-25 07:45:26] [OK] Fetched 47 of 47 SubClassification documents.
[2026-02-25 07:45:26] [====] --- STEP 7: Register GUID mappings ---
[2026-02-25 07:45:26] [OK] Registered 54 GUID mappings.
[2026-02-25 07:45:26] [====] --- STEP 8: Transform Classifications ---
[2026-02-25 07:45:26] [INFO]   Classification 'ZZZ - Test Crop': 047662bd-c562-437d-aeac-fb92e6b252fb -> 6a0945f5-9971-45d8-bb38-3bb2e3b257e1
[2026-02-25 07:45:26] [INFO]   Classification 'Herbs': 8ba02f42-0d6c-4ec2-bb41-6949dcc51a06 -> 2b086b33-c2f2-4e61-9b7a-78baac7c9347
[2026-02-25 07:45:26] [INFO]   Classification 'Vegetables': 2399fe69-1a7f-495e-b6b6-9dff31470e0c -> 321bfcad-9957-48a4-8b61-04aab9a22f49
[2026-02-25 07:45:26] [INFO]   Classification 'Fruit': 8131bdda-a599-4ea0-8582-e935b4fbd03b -> e6e64368-91cc-4580-ab11-05bb85c3a1f2
[2026-02-25 07:45:26] [INFO]   Classification 'Oilseed': 8f08f380-cf34-4a90-8bda-dec4466f9437 -> 52cca250-2b41-45b2-ad33-9c38b8b4b2c1
[2026-02-25 07:45:26] [INFO]   Classification 'Grain': 2995301d-77cd-4394-89a5-9f3c3e1d360e -> c64b786e-ba3c-40a3-9ff9-47527b380e99
[2026-02-25 07:45:26] [INFO]   Classification 'Flowers Class': 4f29cba7-a815-4250-a8ef-78ebd484fe6d -> cbb8730b-8e2d-4776-ab4f-6f50901179a3
[2026-02-25 07:45:26] [====] --- STEP 9: Transform SubClassifications ---
[2026-02-25 07:45:26] [INFO]   SubClassification 'Red Lettuce': 1271392c-3689-483c-9552-f160d7eb4300 -> 4c3a9a50-4b1e-421a-b439-ddc8cf6d62f6, parentId: 2399fe69-1a7f-495e-b6b6-9dff31470e0c -> 321bfcad-9957-48a4-8b61-04aab9a22f49
[2026-02-25 07:45:26] [INFO]   SubClassification 'Pumpkin': 025ad817-aed6-4ce9-abb6-74f9d84888ca -> 1693f179-fe5c-402b-9caf-b5617629c7a6, parentId: 2399fe69-1a7f-495e-b6b6-9dff31470e0c -> 321bfcad-9957-48a4-8b61-04aab9a22f49
[2026-02-25 07:45:26] [INFO]   SubClassification 'Coriander': e6415e0b-3d8e-4969-9185-69ad265a346b -> 17415b30-9a7c-4209-bb5f-e7a695f8f4d1, parentId: 8ba02f42-0d6c-4ec2-bb41-6949dcc51a06 -> 2b086b33-c2f2-4e61-9b7a-78baac7c9347
[2026-02-25 07:45:26] [INFO]   SubClassification 'Rocket': 8c05f4e7-cc71-4e17-9f52-f00266248aa5 -> 552783c2-966b-4d59-9354-bb0e8944863e, parentId: 8ba02f42-0d6c-4ec2-bb41-6949dcc51a06 -> 2b086b33-c2f2-4e61-9b7a-78baac7c9347
[2026-02-25 07:45:26] [INFO]   SubClassification 'Cabbage - Red': b7678456-29ab-4168-8459-be7fc55f20ac -> 022c2033-d82a-4b28-b133-a034e3647fd8, parentId: 2399fe69-1a7f-495e-b6b6-9dff31470e0c -> 321bfcad-9957-48a4-8b61-04aab9a22f49
[2026-02-25 07:45:26] [INFO]   SubClassification 'ZZ Test': 529cc72c-fa53-43c1-87a1-88f39ff474f5 -> 0061216c-fd7c-4df1-8846-b231b2ad4f50, parentId: 8131bdda-a599-4ea0-8582-e935b4fbd03b -> e6e64368-91cc-4580-ab11-05bb85c3a1f2
[2026-02-25 07:45:26] [INFO]   SubClassification 'Ashwagandha': 5cfe536d-8e80-4ca9-847e-6bb60763268c -> f5024f2a-0acf-4bad-b888-27b7674f9e39, parentId: 8ba02f42-0d6c-4ec2-bb41-6949dcc51a06 -> 2b086b33-c2f2-4e61-9b7a-78baac7c9347
[2026-02-25 07:45:26] [INFO]   SubClassification 'Beetroot': c388623e-d809-49b9-b434-3f6ba6f612eb -> 046b2f62-461f-47ad-bb5a-f776d9d68f68, parentId: 2399fe69-1a7f-495e-b6b6-9dff31470e0c -> 321bfcad-9957-48a4-8b61-04aab9a22f49
[2026-02-25 07:45:26] [INFO]   SubClassification 'Thyme': fa8028d1-8d4b-4e39-aa1a-aaadaa62cfe7 -> 5b0fddda-1707-48a8-9a98-5bcc76c15ea1, parentId: 8ba02f42-0d6c-4ec2-bb41-6949dcc51a06 -> 2b086b33-c2f2-4e61-9b7a-78baac7c9347
[2026-02-25 07:45:26] [INFO]   SubClassification 'Lettuce': 5a75e936-2a0e-4256-92c8-057ba8edbf91 -> eecd8f63-b8f2-414f-9e80-b400e64ab80a, parentId: 2399fe69-1a7f-495e-b6b6-9dff31470e0c -> 321bfcad-9957-48a4-8b61-04aab9a22f49
[2026-02-25 07:45:26] [INFO]   SubClassification 'Cauliflower': bbb0bb80-2e14-4060-bf17-9c62ccef3bb0 -> 6b7f8a83-f37c-4d26-adab-34331ec6b2ba, parentId: 2399fe69-1a7f-495e-b6b6-9dff31470e0c -> 321bfcad-9957-48a4-8b61-04aab9a22f49
[2026-02-25 07:45:26] [INFO]   SubClassification 'Spring Onion': 16d073cb-3665-4c7b-8266-15208334fc29 -> 3389236a-ccd2-4ef9-be2f-b899b1ef8a7e, parentId: 2399fe69-1a7f-495e-b6b6-9dff31470e0c -> 321bfcad-9957-48a4-8b61-04aab9a22f49
[2026-02-25 07:45:26] [INFO]   SubClassification 'Leeks': 50349cfa-71e5-4ea2-9f1e-6365db763bce -> 92a54106-a578-429f-92cc-058622c524f8, parentId: 2399fe69-1a7f-495e-b6b6-9dff31470e0c -> 321bfcad-9957-48a4-8b61-04aab9a22f49
[2026-02-25 07:45:26] [INFO]   SubClassification 'Afro Cucumber 2': 52d6b2b7-ac02-41f9-a2dd-d5eb7d3cba06 -> feda94b0-2d96-479c-936b-df60e991bc98, parentId: 047662bd-c562-437d-aeac-fb92e6b252fb -> 6a0945f5-9971-45d8-bb38-3bb2e3b257e1
[2026-02-25 07:45:26] [INFO]   SubClassification 'Raddish': cd3e4b17-7d5d-4cee-855d-305bc21bd6fe -> 4ec360e1-8a52-4505-9900-fb9199853d65, parentId: 2399fe69-1a7f-495e-b6b6-9dff31470e0c -> 321bfcad-9957-48a4-8b61-04aab9a22f49
[2026-02-25 07:45:26] [INFO]   SubClassification 'Sage': d78b3a2a-2160-47ce-a325-e5351e0e5a26 -> 7db2e380-496c-42e9-a67c-ac386bf792db, parentId: 8ba02f42-0d6c-4ec2-bb41-6949dcc51a06 -> 2b086b33-c2f2-4e61-9b7a-78baac7c9347
[2026-02-25 07:45:26] [INFO]   SubClassification 'Brinjal': 679db0de-b716-4df5-931e-c5a5ed0c2a6b -> 3b99065c-6ae5-4279-9797-fb0a76986c5f, parentId: 2399fe69-1a7f-495e-b6b6-9dff31470e0c -> 321bfcad-9957-48a4-8b61-04aab9a22f49
[2026-02-25 07:45:26] [INFO]   SubClassification 'Kale': f2f7bbd7-b718-416c-a7c1-69587dba15b4 -> bf6a0d6c-50f6-4a6a-b952-54f6d6b249a1, parentId: 2399fe69-1a7f-495e-b6b6-9dff31470e0c -> 321bfcad-9957-48a4-8b61-04aab9a22f49
[2026-02-25 07:45:26] [INFO]   SubClassification 'Gem Squash': c155456f-182d-468a-981e-da6ce1c54247 -> f0df701c-c874-4f80-9e70-454f57de396b, parentId: 2399fe69-1a7f-495e-b6b6-9dff31470e0c -> 321bfcad-9957-48a4-8b61-04aab9a22f49
[2026-02-25 07:45:26] [INFO]   SubClassification 'Cucumber ': 142fa3c4-9d5d-4050-bb04-c8f5fc7b68ef -> 70193514-fee7-44a8-8091-b5b80997a9e8, parentId: 2399fe69-1a7f-495e-b6b6-9dff31470e0c -> 321bfcad-9957-48a4-8b61-04aab9a22f49
[2026-02-25 07:45:26] [INFO]   SubClassification 'Green Beans': 68e64c27-951d-4a19-b7c9-438633c63b0b -> 86c77401-5706-4c5e-ae68-92b2f05c6163, parentId: 2399fe69-1a7f-495e-b6b6-9dff31470e0c -> 321bfcad-9957-48a4-8b61-04aab9a22f49
[2026-02-25 07:45:26] [INFO]   SubClassification 'Spinach': aae9cfca-ef91-42d0-bfeb-c82a5bf0a970 -> 7848c1d3-6b5f-4342-a5a9-566ded5e9c0b, parentId: 2399fe69-1a7f-495e-b6b6-9dff31470e0c -> 321bfcad-9957-48a4-8b61-04aab9a22f49
[2026-02-25 07:45:26] [INFO]   SubClassification 'Maize': bb80c536-4974-422e-91bf-6c6f9b70add8 -> 89d027d7-53f3-4c1c-84f6-b258889bba06, parentId: 2995301d-77cd-4394-89a5-9f3c3e1d360e -> c64b786e-ba3c-40a3-9ff9-47527b380e99
[2026-02-25 07:45:26] [INFO]   SubClassification 'Parsley': 34e8e009-7b4e-4336-b738-482f2e9e2929 -> ec866452-b14e-4cca-bc61-d566e748dd8c, parentId: 8ba02f42-0d6c-4ec2-bb41-6949dcc51a06 -> 2b086b33-c2f2-4e61-9b7a-78baac7c9347
[2026-02-25 07:45:26] [INFO]   SubClassification 'Sweet Potato': 7cfeb8c7-0378-45ef-88a0-aef942e49a54 -> c550699d-4cc6-4eed-91dc-60f07d009d73, parentId: 2399fe69-1a7f-495e-b6b6-9dff31470e0c -> 321bfcad-9957-48a4-8b61-04aab9a22f49
[2026-02-25 07:45:26] [INFO]   SubClassification 'Garlic': c9189424-da7b-4ff1-901a-8ce8ff7d5fc3 -> cbf8ac79-1804-48ce-a873-7d6fc63d95d1, parentId: 2399fe69-1a7f-495e-b6b6-9dff31470e0c -> 321bfcad-9957-48a4-8b61-04aab9a22f49
[2026-02-25 07:45:26] [INFO]   SubClassification 'Parsley': 5d02c2bf-6a44-4a21-9a9d-d414c90e83e2 -> 13843c9d-3457-44c4-9162-27c4fa2dd81d, parentId: 2399fe69-1a7f-495e-b6b6-9dff31470e0c -> 321bfcad-9957-48a4-8b61-04aab9a22f49
[2026-02-25 07:45:26] [INFO]   SubClassification 'Afro Cucumber 1': d678405e-6661-4c03-a161-7f5417145b6f -> b447bf4c-830f-4491-9b4b-c3f2c364ed84, parentId: 047662bd-c562-437d-aeac-fb92e6b252fb -> 6a0945f5-9971-45d8-bb38-3bb2e3b257e1
[2026-02-25 07:45:26] [INFO]   SubClassification 'Fennel': 6cb5891b-60d3-4367-b5dc-c743e66a19f2 -> fd2d89fb-20bf-415c-aec1-3b10d63ff6d1, parentId: 8ba02f42-0d6c-4ec2-bb41-6949dcc51a06 -> 2b086b33-c2f2-4e61-9b7a-78baac7c9347
[2026-02-25 07:45:26] [INFO]   SubClassification 'Rape': 7f26683c-bded-4b15-9c15-769c67d09786 -> d33f92ab-9731-4022-ba1a-96b459659bac, parentId: 8f08f380-cf34-4a90-8bda-dec4466f9437 -> 52cca250-2b41-45b2-ad33-9c38b8b4b2c1
[2026-02-25 07:45:26] [INFO]   SubClassification 'Chilli-Test': 1d95dcdf-9747-401b-a72d-e7814e4c2c2d -> 189e2274-29b0-425b-ad05-1bfece61b744, parentId: d3057144-b5f0-4d89-958c-1521518283f3 -> b53abc6a-a03b-4a7a-a9b5-4e537ed00cef
[2026-02-25 07:45:26] [INFO]   SubClassification 'Rosemary': 28183fba-1100-4d28-a0bc-112cae0da017 -> 6dc7f0a0-f983-40d6-b1fe-e25cf7336540, parentId: 8ba02f42-0d6c-4ec2-bb41-6949dcc51a06 -> 2b086b33-c2f2-4e61-9b7a-78baac7c9347
[2026-02-25 07:45:26] [INFO]   SubClassification 'Potato': 45ac176f-7a91-4983-8092-178859f5ccf6 -> 5c3b537e-3d66-44ce-abec-ca9b431ee6e8, parentId: 2399fe69-1a7f-495e-b6b6-9dff31470e0c -> 321bfcad-9957-48a4-8b61-04aab9a22f49
[2026-02-25 07:45:26] [INFO]   SubClassification 'Green Pepper': 88050157-50e7-4ad3-b669-d9f28c9b98a3 -> 2cb38949-6065-422c-a544-d0b642cadb84, parentId: 2399fe69-1a7f-495e-b6b6-9dff31470e0c -> 321bfcad-9957-48a4-8b61-04aab9a22f49
[2026-02-25 07:45:26] [INFO]   SubClassification 'Strawberries': 41178b5a-5f0e-41da-9d30-c78539afbffe -> a17f62c5-a1e6-4e9d-a9ac-55a8c3e24937, parentId: 8131bdda-a599-4ea0-8582-e935b4fbd03b -> e6e64368-91cc-4580-ab11-05bb85c3a1f2
[2026-02-25 07:45:26] [INFO]   SubClassification 'Onions - Red': cb34843e-3475-4f15-bf04-6a32b901df69 -> 8571e41a-431b-49c9-89e8-6086195d3538, parentId: 2399fe69-1a7f-495e-b6b6-9dff31470e0c -> 321bfcad-9957-48a4-8b61-04aab9a22f49
[2026-02-25 07:45:26] [INFO]   SubClassification 'Cabbage': 8944df7a-612a-4c53-8d63-72728eb5b362 -> 3d4431c7-4888-4247-ad4e-2bf7e1d25672, parentId: 2399fe69-1a7f-495e-b6b6-9dff31470e0c -> 321bfcad-9957-48a4-8b61-04aab9a22f49
[2026-02-25 07:45:26] [INFO]   SubClassification 'Tomatoes': 6539a194-e88b-47bd-b6e4-6dfd5db610aa -> 789eef82-26c4-4481-96cc-bf375fcda464, parentId: 2399fe69-1a7f-495e-b6b6-9dff31470e0c -> 321bfcad-9957-48a4-8b61-04aab9a22f49
[2026-02-25 07:45:26] [INFO]   SubClassification 'Butternut': 40188525-b1ea-4a4f-ad0e-938b92970eb0 -> 62cc3462-4ad3-4bef-9005-950db685b6e7, parentId: 2399fe69-1a7f-495e-b6b6-9dff31470e0c -> 321bfcad-9957-48a4-8b61-04aab9a22f49
[2026-02-25 07:45:26] [INFO]   SubClassification 'Broccoli': bda877e0-1778-4700-b9a2-d3fb33e90f23 -> ceb652f8-e2e6-4b31-ba27-12777359bae8, parentId: 2399fe69-1a7f-495e-b6b6-9dff31470e0c -> 321bfcad-9957-48a4-8b61-04aab9a22f49
[2026-02-25 07:45:26] [INFO]   SubClassification 'Cucumber': 9c424b12-b21a-4686-9f07-f45cc503d7b9 -> b067f911-189c-4d0e-9e7f-5cdf97b9fb7f, parentId: 2399fe69-1a7f-495e-b6b6-9dff31470e0c -> 321bfcad-9957-48a4-8b61-04aab9a22f49
[2026-02-25 07:45:26] [INFO]   SubClassification 'Flower 1': 19c02da9-4988-4a67-ae8d-f1efbfacef7b -> 9a0fc6a3-938b-49c4-889f-6bd165a7764b, parentId: 4f29cba7-a815-4250-a8ef-78ebd484fe6d -> cbb8730b-8e2d-4776-ab4f-6f50901179a3
[2026-02-25 07:45:26] [INFO]   SubClassification 'Peppadew ': 6db7bc9a-f60e-41a1-8c59-e194c22cda76 -> bee3ad40-2d30-4dae-818b-b818803ebd46, parentId: 2399fe69-1a7f-495e-b6b6-9dff31470e0c -> 321bfcad-9957-48a4-8b61-04aab9a22f49
[2026-02-25 07:45:26] [INFO]   SubClassification 'Sceletium': d4989086-a7ea-4c36-b0b6-d33c24e7b29d -> 79a26f05-4fbc-4ef3-a40e-7e8d72a55a62, parentId: 8ba02f42-0d6c-4ec2-bb41-6949dcc51a06 -> 2b086b33-c2f2-4e61-9b7a-78baac7c9347
[2026-02-25 07:45:26] [INFO]   SubClassification 'Carrots': 7f097787-a1fa-4d66-a5b7-bf3b385185ae -> 5483491d-c66c-453c-8369-cd4c98351c05, parentId: 2399fe69-1a7f-495e-b6b6-9dff31470e0c -> 321bfcad-9957-48a4-8b61-04aab9a22f49
[2026-02-25 07:45:26] [INFO]   SubClassification 'Chilli - Cayanne': d3057144-b5f0-4d89-958c-1521518283f3 -> b53abc6a-a03b-4a7a-a9b5-4e537ed00cef, parentId: 2399fe69-1a7f-495e-b6b6-9dff31470e0c -> 321bfcad-9957-48a4-8b61-04aab9a22f49
[2026-02-25 07:45:26] [INFO]   SubClassification 'Onions': 949caba3-76dc-4699-98c1-67160df2eb63 -> e500f2d8-684d-43fc-a3a7-460fe4330ce5, parentId: 2399fe69-1a7f-495e-b6b6-9dff31470e0c -> 321bfcad-9957-48a4-8b61-04aab9a22f49
[2026-02-25 07:45:26] [====] --- STEP 10: Transform Hierarchies ---
[2026-02-25 07:45:26] [INFO]   Hierarchy 'Green Beans': 68e64c27-951d-4a19-b7c9-438633c63b0b -> 86c77401-5706-4c5e-ae68-92b2f05c6163, parentId: 2399fe69-1a7f-495e-b6b6-9dff31470e0c -> 321bfcad-9957-48a4-8b61-04aab9a22f49
[2026-02-25 07:45:26] [INFO]   Hierarchy 'Garlic': c9189424-da7b-4ff1-901a-8ce8ff7d5fc3 -> cbf8ac79-1804-48ce-a873-7d6fc63d95d1, parentId: 2399fe69-1a7f-495e-b6b6-9dff31470e0c -> 321bfcad-9957-48a4-8b61-04aab9a22f49
[2026-02-25 07:45:26] [INFO]   Hierarchy 'Butternut': 40188525-b1ea-4a4f-ad0e-938b92970eb0 -> 62cc3462-4ad3-4bef-9005-950db685b6e7, parentId: 2399fe69-1a7f-495e-b6b6-9dff31470e0c -> 321bfcad-9957-48a4-8b61-04aab9a22f49
[2026-02-25 07:45:26] [INFO]   Hierarchy 'Lettuce': 5a75e936-2a0e-4256-92c8-057ba8edbf91 -> eecd8f63-b8f2-414f-9e80-b400e64ab80a, parentId: 2399fe69-1a7f-495e-b6b6-9dff31470e0c -> 321bfcad-9957-48a4-8b61-04aab9a22f49
[2026-02-25 07:45:26] [INFO]   Hierarchy 'Parsley': 5d02c2bf-6a44-4a21-9a9d-d414c90e83e2 -> 13843c9d-3457-44c4-9162-27c4fa2dd81d, parentId: 2399fe69-1a7f-495e-b6b6-9dff31470e0c -> 321bfcad-9957-48a4-8b61-04aab9a22f49
[2026-02-25 07:45:26] [INFO]   Hierarchy 'Grain': 2995301d-77cd-4394-89a5-9f3c3e1d360e -> c64b786e-ba3c-40a3-9ff9-47527b380e99, parentId:  -> 
[2026-02-25 07:45:26] [INFO]   Hierarchy 'Brinjal': 679db0de-b716-4df5-931e-c5a5ed0c2a6b -> 3b99065c-6ae5-4279-9797-fb0a76986c5f, parentId: 2399fe69-1a7f-495e-b6b6-9dff31470e0c -> 321bfcad-9957-48a4-8b61-04aab9a22f49
[2026-02-25 07:45:26] [INFO]   Hierarchy 'Red Lettuce': 1271392c-3689-483c-9552-f160d7eb4300 -> 4c3a9a50-4b1e-421a-b439-ddc8cf6d62f6, parentId: 2399fe69-1a7f-495e-b6b6-9dff31470e0c -> 321bfcad-9957-48a4-8b61-04aab9a22f49
[2026-02-25 07:45:26] [INFO]   Hierarchy 'Raddish': cd3e4b17-7d5d-4cee-855d-305bc21bd6fe -> 4ec360e1-8a52-4505-9900-fb9199853d65, parentId: 2399fe69-1a7f-495e-b6b6-9dff31470e0c -> 321bfcad-9957-48a4-8b61-04aab9a22f49
[2026-02-25 07:45:26] [INFO]   Hierarchy 'Parsley': 34e8e009-7b4e-4336-b738-482f2e9e2929 -> ec866452-b14e-4cca-bc61-d566e748dd8c, parentId: 8ba02f42-0d6c-4ec2-bb41-6949dcc51a06 -> 2b086b33-c2f2-4e61-9b7a-78baac7c9347
[2026-02-25 07:45:26] [INFO]   Hierarchy 'Cabbage - Red': b7678456-29ab-4168-8459-be7fc55f20ac -> 022c2033-d82a-4b28-b133-a034e3647fd8, parentId: 2399fe69-1a7f-495e-b6b6-9dff31470e0c -> 321bfcad-9957-48a4-8b61-04aab9a22f49
[2026-02-25 07:45:26] [INFO]   Hierarchy 'Carrots': 7f097787-a1fa-4d66-a5b7-bf3b385185ae -> 5483491d-c66c-453c-8369-cd4c98351c05, parentId: 2399fe69-1a7f-495e-b6b6-9dff31470e0c -> 321bfcad-9957-48a4-8b61-04aab9a22f49
[2026-02-25 07:45:26] [INFO]   Hierarchy 'Thyme': fa8028d1-8d4b-4e39-aa1a-aaadaa62cfe7 -> 5b0fddda-1707-48a8-9a98-5bcc76c15ea1, parentId: 8ba02f42-0d6c-4ec2-bb41-6949dcc51a06 -> 2b086b33-c2f2-4e61-9b7a-78baac7c9347
[2026-02-25 07:45:26] [INFO]   Hierarchy 'Ashwagandha': 5cfe536d-8e80-4ca9-847e-6bb60763268c -> f5024f2a-0acf-4bad-b888-27b7674f9e39, parentId: 8ba02f42-0d6c-4ec2-bb41-6949dcc51a06 -> 2b086b33-c2f2-4e61-9b7a-78baac7c9347
[2026-02-25 07:45:26] [INFO]   Hierarchy 'Spinach': aae9cfca-ef91-42d0-bfeb-c82a5bf0a970 -> 7848c1d3-6b5f-4342-a5a9-566ded5e9c0b, parentId: 2399fe69-1a7f-495e-b6b6-9dff31470e0c -> 321bfcad-9957-48a4-8b61-04aab9a22f49
[2026-02-25 07:45:26] [INFO]   Hierarchy 'Cauliflower': bbb0bb80-2e14-4060-bf17-9c62ccef3bb0 -> 6b7f8a83-f37c-4d26-adab-34331ec6b2ba, parentId: 2399fe69-1a7f-495e-b6b6-9dff31470e0c -> 321bfcad-9957-48a4-8b61-04aab9a22f49
[2026-02-25 07:45:26] [INFO]   Hierarchy 'Pumpkin': 025ad817-aed6-4ce9-abb6-74f9d84888ca -> 1693f179-fe5c-402b-9caf-b5617629c7a6, parentId: 2399fe69-1a7f-495e-b6b6-9dff31470e0c -> 321bfcad-9957-48a4-8b61-04aab9a22f49
[2026-02-25 07:45:26] [INFO]   Hierarchy 'Sweet Potato': 7cfeb8c7-0378-45ef-88a0-aef942e49a54 -> c550699d-4cc6-4eed-91dc-60f07d009d73, parentId: 2399fe69-1a7f-495e-b6b6-9dff31470e0c -> 321bfcad-9957-48a4-8b61-04aab9a22f49
[2026-02-25 07:45:26] [INFO]   Hierarchy 'Flowers Class': 4f29cba7-a815-4250-a8ef-78ebd484fe6d -> cbb8730b-8e2d-4776-ab4f-6f50901179a3, parentId:  -> 
[2026-02-25 07:45:26] [INFO]   Hierarchy 'Maize': bb80c536-4974-422e-91bf-6c6f9b70add8 -> 89d027d7-53f3-4c1c-84f6-b258889bba06, parentId: 2995301d-77cd-4394-89a5-9f3c3e1d360e -> c64b786e-ba3c-40a3-9ff9-47527b380e99
[2026-02-25 07:45:26] [INFO]   Hierarchy 'ZZZ - Test Crop': 047662bd-c562-437d-aeac-fb92e6b252fb -> 6a0945f5-9971-45d8-bb38-3bb2e3b257e1, parentId:  -> 
[2026-02-25 07:45:26] [INFO]   Hierarchy 'Spring Onion': 16d073cb-3665-4c7b-8266-15208334fc29 -> 3389236a-ccd2-4ef9-be2f-b899b1ef8a7e, parentId: 2399fe69-1a7f-495e-b6b6-9dff31470e0c -> 321bfcad-9957-48a4-8b61-04aab9a22f49
[2026-02-25 07:45:26] [INFO]   Hierarchy 'Herbs': 8ba02f42-0d6c-4ec2-bb41-6949dcc51a06 -> 2b086b33-c2f2-4e61-9b7a-78baac7c9347, parentId:  -> 
[2026-02-25 07:45:26] [INFO]   Hierarchy 'Green Pepper': 88050157-50e7-4ad3-b669-d9f28c9b98a3 -> 2cb38949-6065-422c-a544-d0b642cadb84, parentId: 2399fe69-1a7f-495e-b6b6-9dff31470e0c -> 321bfcad-9957-48a4-8b61-04aab9a22f49
[2026-02-25 07:45:26] [INFO]   Hierarchy 'Potato': 45ac176f-7a91-4983-8092-178859f5ccf6 -> 5c3b537e-3d66-44ce-abec-ca9b431ee6e8, parentId: 2399fe69-1a7f-495e-b6b6-9dff31470e0c -> 321bfcad-9957-48a4-8b61-04aab9a22f49
[2026-02-25 07:45:26] [INFO]   Hierarchy 'Broccoli': bda877e0-1778-4700-b9a2-d3fb33e90f23 -> ceb652f8-e2e6-4b31-ba27-12777359bae8, parentId: 2399fe69-1a7f-495e-b6b6-9dff31470e0c -> 321bfcad-9957-48a4-8b61-04aab9a22f49
[2026-02-25 07:45:26] [INFO]   Hierarchy 'Rosemary': 28183fba-1100-4d28-a0bc-112cae0da017 -> 6dc7f0a0-f983-40d6-b1fe-e25cf7336540, parentId: 8ba02f42-0d6c-4ec2-bb41-6949dcc51a06 -> 2b086b33-c2f2-4e61-9b7a-78baac7c9347
[2026-02-25 07:45:26] [INFO]   Hierarchy 'Afro Cucumber 2': 52d6b2b7-ac02-41f9-a2dd-d5eb7d3cba06 -> feda94b0-2d96-479c-936b-df60e991bc98, parentId: 047662bd-c562-437d-aeac-fb92e6b252fb -> 6a0945f5-9971-45d8-bb38-3bb2e3b257e1
[2026-02-25 07:45:26] [INFO]   Hierarchy 'Fruit': 8131bdda-a599-4ea0-8582-e935b4fbd03b -> e6e64368-91cc-4580-ab11-05bb85c3a1f2, parentId:  -> 
[2026-02-25 07:45:26] [INFO]   Hierarchy 'Fennel': 6cb5891b-60d3-4367-b5dc-c743e66a19f2 -> fd2d89fb-20bf-415c-aec1-3b10d63ff6d1, parentId: 8ba02f42-0d6c-4ec2-bb41-6949dcc51a06 -> 2b086b33-c2f2-4e61-9b7a-78baac7c9347
[2026-02-25 07:45:26] [INFO]   Hierarchy 'Sceletium': d4989086-a7ea-4c36-b0b6-d33c24e7b29d -> 79a26f05-4fbc-4ef3-a40e-7e8d72a55a62, parentId: 8ba02f42-0d6c-4ec2-bb41-6949dcc51a06 -> 2b086b33-c2f2-4e61-9b7a-78baac7c9347
[2026-02-25 07:45:26] [INFO]   Hierarchy 'Gem Squash': c155456f-182d-468a-981e-da6ce1c54247 -> f0df701c-c874-4f80-9e70-454f57de396b, parentId: 2399fe69-1a7f-495e-b6b6-9dff31470e0c -> 321bfcad-9957-48a4-8b61-04aab9a22f49
[2026-02-25 07:45:26] [INFO]   Hierarchy 'Afro Cucumber 1': d678405e-6661-4c03-a161-7f5417145b6f -> b447bf4c-830f-4491-9b4b-c3f2c364ed84, parentId: 047662bd-c562-437d-aeac-fb92e6b252fb -> 6a0945f5-9971-45d8-bb38-3bb2e3b257e1
[2026-02-25 07:45:26] [INFO]   Hierarchy 'Cabbage': 8944df7a-612a-4c53-8d63-72728eb5b362 -> 3d4431c7-4888-4247-ad4e-2bf7e1d25672, parentId: 2399fe69-1a7f-495e-b6b6-9dff31470e0c -> 321bfcad-9957-48a4-8b61-04aab9a22f49
[2026-02-25 07:45:26] [INFO]   Hierarchy 'Strawberries': 41178b5a-5f0e-41da-9d30-c78539afbffe -> a17f62c5-a1e6-4e9d-a9ac-55a8c3e24937, parentId: 8131bdda-a599-4ea0-8582-e935b4fbd03b -> e6e64368-91cc-4580-ab11-05bb85c3a1f2
[2026-02-25 07:45:26] [INFO]   Hierarchy 'Flower 1': 19c02da9-4988-4a67-ae8d-f1efbfacef7b -> 9a0fc6a3-938b-49c4-889f-6bd165a7764b, parentId: 4f29cba7-a815-4250-a8ef-78ebd484fe6d -> cbb8730b-8e2d-4776-ab4f-6f50901179a3
[2026-02-25 07:45:26] [INFO]   Hierarchy 'Kale': f2f7bbd7-b718-416c-a7c1-69587dba15b4 -> bf6a0d6c-50f6-4a6a-b952-54f6d6b249a1, parentId: 2399fe69-1a7f-495e-b6b6-9dff31470e0c -> 321bfcad-9957-48a4-8b61-04aab9a22f49
[2026-02-25 07:45:26] [INFO]   Hierarchy 'Peppadew ': 6db7bc9a-f60e-41a1-8c59-e194c22cda76 -> bee3ad40-2d30-4dae-818b-b818803ebd46, parentId: 2399fe69-1a7f-495e-b6b6-9dff31470e0c -> 321bfcad-9957-48a4-8b61-04aab9a22f49
[2026-02-25 07:45:26] [INFO]   Hierarchy 'Coriander': e6415e0b-3d8e-4969-9185-69ad265a346b -> 17415b30-9a7c-4209-bb5f-e7a695f8f4d1, parentId: 8ba02f42-0d6c-4ec2-bb41-6949dcc51a06 -> 2b086b33-c2f2-4e61-9b7a-78baac7c9347
[2026-02-25 07:45:26] [INFO]   Hierarchy 'Cucumber': 9c424b12-b21a-4686-9f07-f45cc503d7b9 -> b067f911-189c-4d0e-9e7f-5cdf97b9fb7f, parentId: 2399fe69-1a7f-495e-b6b6-9dff31470e0c -> 321bfcad-9957-48a4-8b61-04aab9a22f49
[2026-02-25 07:45:26] [INFO]   Hierarchy 'Sage': d78b3a2a-2160-47ce-a325-e5351e0e5a26 -> 7db2e380-496c-42e9-a67c-ac386bf792db, parentId: 8ba02f42-0d6c-4ec2-bb41-6949dcc51a06 -> 2b086b33-c2f2-4e61-9b7a-78baac7c9347
[2026-02-25 07:45:26] [INFO]   Hierarchy 'Beetroot': c388623e-d809-49b9-b434-3f6ba6f612eb -> 046b2f62-461f-47ad-bb5a-f776d9d68f68, parentId: 2399fe69-1a7f-495e-b6b6-9dff31470e0c -> 321bfcad-9957-48a4-8b61-04aab9a22f49
[2026-02-25 07:45:26] [INFO]   Hierarchy 'Rocket': 8c05f4e7-cc71-4e17-9f52-f00266248aa5 -> 552783c2-966b-4d59-9354-bb0e8944863e, parentId: 8ba02f42-0d6c-4ec2-bb41-6949dcc51a06 -> 2b086b33-c2f2-4e61-9b7a-78baac7c9347
[2026-02-25 07:45:26] [INFO]   Hierarchy 'Cucumber ': 142fa3c4-9d5d-4050-bb04-c8f5fc7b68ef -> 70193514-fee7-44a8-8091-b5b80997a9e8, parentId: 2399fe69-1a7f-495e-b6b6-9dff31470e0c -> 321bfcad-9957-48a4-8b61-04aab9a22f49
[2026-02-25 07:45:26] [INFO]   Hierarchy 'Onions': 949caba3-76dc-4699-98c1-67160df2eb63 -> e500f2d8-684d-43fc-a3a7-460fe4330ce5, parentId: 2399fe69-1a7f-495e-b6b6-9dff31470e0c -> 321bfcad-9957-48a4-8b61-04aab9a22f49
[2026-02-25 07:45:26] [INFO]   Hierarchy 'Leeks': 50349cfa-71e5-4ea2-9f1e-6365db763bce -> 92a54106-a578-429f-92cc-058622c524f8, parentId: 2399fe69-1a7f-495e-b6b6-9dff31470e0c -> 321bfcad-9957-48a4-8b61-04aab9a22f49
[2026-02-25 07:45:26] [INFO]   Hierarchy 'Onions - Red': cb34843e-3475-4f15-bf04-6a32b901df69 -> 8571e41a-431b-49c9-89e8-6086195d3538, parentId: 2399fe69-1a7f-495e-b6b6-9dff31470e0c -> 321bfcad-9957-48a4-8b61-04aab9a22f49
[2026-02-25 07:45:26] [INFO]   Hierarchy 'Chilli-Test': 1d95dcdf-9747-401b-a72d-e7814e4c2c2d -> 189e2274-29b0-425b-ad05-1bfece61b744, parentId: d3057144-b5f0-4d89-958c-1521518283f3 -> b53abc6a-a03b-4a7a-a9b5-4e537ed00cef
[2026-02-25 07:45:26] [INFO]   Hierarchy 'Oilseed': 8f08f380-cf34-4a90-8bda-dec4466f9437 -> 52cca250-2b41-45b2-ad33-9c38b8b4b2c1, parentId:  -> 
[2026-02-25 07:45:26] [INFO]   Hierarchy 'Vegetables': 2399fe69-1a7f-495e-b6b6-9dff31470e0c -> 321bfcad-9957-48a4-8b61-04aab9a22f49, parentId:  -> 
[2026-02-25 07:45:26] [INFO]   Hierarchy 'Tomatoes': 6539a194-e88b-47bd-b6e4-6dfd5db610aa -> 789eef82-26c4-4481-96cc-bf375fcda464, parentId: 2399fe69-1a7f-495e-b6b6-9dff31470e0c -> 321bfcad-9957-48a4-8b61-04aab9a22f49
[2026-02-25 07:45:26] [INFO]   Hierarchy 'ZZ Test': 529cc72c-fa53-43c1-87a1-88f39ff474f5 -> 0061216c-fd7c-4df1-8846-b231b2ad4f50, parentId: 8131bdda-a599-4ea0-8582-e935b4fbd03b -> e6e64368-91cc-4580-ab11-05bb85c3a1f2
[2026-02-25 07:45:26] [INFO]   Hierarchy 'Chilli - Cayanne': d3057144-b5f0-4d89-958c-1521518283f3 -> b53abc6a-a03b-4a7a-a9b5-4e537ed00cef, parentId: 2399fe69-1a7f-495e-b6b6-9dff31470e0c -> 321bfcad-9957-48a4-8b61-04aab9a22f49
[2026-02-25 07:45:26] [INFO]   Hierarchy 'Rape': 7f26683c-bded-4b15-9c15-769c67d09786 -> d33f92ab-9731-4022-ba1a-96b459659bac, parentId: 8f08f380-cf34-4a90-8bda-dec4466f9437 -> 52cca250-2b41-45b2-ad33-9c38b8b4b2c1
[2026-02-25 07:45:26] [====] --- STEP 11a: Upsert Classifications ---
[2026-02-25 07:45:26] [INFO]   Batch 1: 7 docs processed
[2026-02-25 07:45:26] [====] --- STEP 11b: Upsert SubClassifications ---
[2026-02-25 07:45:26] [INFO]   Batch 1: 47 docs processed
[2026-02-25 07:45:26] [====] --- STEP 11c: Upsert Hierarchies ---
[2026-02-25 07:45:26] [INFO]   Batch 1: 50 docs processed
[2026-02-25 07:45:26] [INFO]   Batch 2: 4 docs processed
[2026-02-25 07:45:26] [====] --- STEP 12: Verification ---
[2026-02-25 07:45:26] [ERROR] Verification failed for Classification: Operation is not valid due to the current state of the object.
[2026-02-25 07:45:26] [ERROR] Verification failed for SubClassification: Operation is not valid due to the current state of the object.
[2026-02-25 07:45:26] [ERROR] Verification failed for Hierarchy: Operation is not valid due to the current state of the object.
[2026-02-25 07:45:26] [INFO] GUID mapping written to: /Users/shreedhardeshwal/Desktop/SA/CouchBase/Datamigration/GuidMigration/GuidMigration/bin/Debug/net8.0/../../../reports/migration-2026-02-25_07-45-26/guid-mapping.csv
[2026-02-25 07:45:26] [INFO] Migration summary written to: /Users/shreedhardeshwal/Desktop/SA/CouchBase/Datamigration/GuidMigration/GuidMigration/bin/Debug/net8.0/../../../reports/migration-2026-02-25_07-45-26/migration-summary.txt
[2026-02-25 07:45:26] [====] --- GUID Mapping Summary ---
[2026-02-25 07:45:26] [INFO]   047662bd-c562-437d-aeac-fb92e6b252fb -> 6a0945f5-9971-45d8-bb38-3bb2e3b257e1
[2026-02-25 07:45:26] [INFO]   8ba02f42-0d6c-4ec2-bb41-6949dcc51a06 -> 2b086b33-c2f2-4e61-9b7a-78baac7c9347
[2026-02-25 07:45:26] [INFO]   2399fe69-1a7f-495e-b6b6-9dff31470e0c -> 321bfcad-9957-48a4-8b61-04aab9a22f49
[2026-02-25 07:45:26] [INFO]   8131bdda-a599-4ea0-8582-e935b4fbd03b -> e6e64368-91cc-4580-ab11-05bb85c3a1f2
[2026-02-25 07:45:26] [INFO]   8f08f380-cf34-4a90-8bda-dec4466f9437 -> 52cca250-2b41-45b2-ad33-9c38b8b4b2c1
[2026-02-25 07:45:26] [INFO]   2995301d-77cd-4394-89a5-9f3c3e1d360e -> c64b786e-ba3c-40a3-9ff9-47527b380e99
[2026-02-25 07:45:26] [INFO]   4f29cba7-a815-4250-a8ef-78ebd484fe6d -> cbb8730b-8e2d-4776-ab4f-6f50901179a3
[2026-02-25 07:45:26] [INFO]   1271392c-3689-483c-9552-f160d7eb4300 -> 4c3a9a50-4b1e-421a-b439-ddc8cf6d62f6
[2026-02-25 07:45:26] [INFO]   025ad817-aed6-4ce9-abb6-74f9d84888ca -> 1693f179-fe5c-402b-9caf-b5617629c7a6
[2026-02-25 07:45:26] [INFO]   e6415e0b-3d8e-4969-9185-69ad265a346b -> 17415b30-9a7c-4209-bb5f-e7a695f8f4d1
[2026-02-25 07:45:26] [INFO]   8c05f4e7-cc71-4e17-9f52-f00266248aa5 -> 552783c2-966b-4d59-9354-bb0e8944863e
[2026-02-25 07:45:26] [INFO]   b7678456-29ab-4168-8459-be7fc55f20ac -> 022c2033-d82a-4b28-b133-a034e3647fd8
[2026-02-25 07:45:26] [INFO]   529cc72c-fa53-43c1-87a1-88f39ff474f5 -> 0061216c-fd7c-4df1-8846-b231b2ad4f50
[2026-02-25 07:45:26] [INFO]   5cfe536d-8e80-4ca9-847e-6bb60763268c -> f5024f2a-0acf-4bad-b888-27b7674f9e39
[2026-02-25 07:45:26] [INFO]   c388623e-d809-49b9-b434-3f6ba6f612eb -> 046b2f62-461f-47ad-bb5a-f776d9d68f68
[2026-02-25 07:45:26] [INFO]   fa8028d1-8d4b-4e39-aa1a-aaadaa62cfe7 -> 5b0fddda-1707-48a8-9a98-5bcc76c15ea1
[2026-02-25 07:45:26] [INFO]   5a75e936-2a0e-4256-92c8-057ba8edbf91 -> eecd8f63-b8f2-414f-9e80-b400e64ab80a
[2026-02-25 07:45:26] [INFO]   bbb0bb80-2e14-4060-bf17-9c62ccef3bb0 -> 6b7f8a83-f37c-4d26-adab-34331ec6b2ba
[2026-02-25 07:45:26] [INFO]   16d073cb-3665-4c7b-8266-15208334fc29 -> 3389236a-ccd2-4ef9-be2f-b899b1ef8a7e
[2026-02-25 07:45:26] [INFO]   50349cfa-71e5-4ea2-9f1e-6365db763bce -> 92a54106-a578-429f-92cc-058622c524f8
[2026-02-25 07:45:26] [INFO]   52d6b2b7-ac02-41f9-a2dd-d5eb7d3cba06 -> feda94b0-2d96-479c-936b-df60e991bc98
[2026-02-25 07:45:26] [INFO]   cd3e4b17-7d5d-4cee-855d-305bc21bd6fe -> 4ec360e1-8a52-4505-9900-fb9199853d65
[2026-02-25 07:45:26] [INFO]   d78b3a2a-2160-47ce-a325-e5351e0e5a26 -> 7db2e380-496c-42e9-a67c-ac386bf792db
[2026-02-25 07:45:26] [INFO]   679db0de-b716-4df5-931e-c5a5ed0c2a6b -> 3b99065c-6ae5-4279-9797-fb0a76986c5f
[2026-02-25 07:45:26] [INFO]   f2f7bbd7-b718-416c-a7c1-69587dba15b4 -> bf6a0d6c-50f6-4a6a-b952-54f6d6b249a1
[2026-02-25 07:45:26] [INFO]   c155456f-182d-468a-981e-da6ce1c54247 -> f0df701c-c874-4f80-9e70-454f57de396b
[2026-02-25 07:45:26] [INFO]   142fa3c4-9d5d-4050-bb04-c8f5fc7b68ef -> 70193514-fee7-44a8-8091-b5b80997a9e8
[2026-02-25 07:45:26] [INFO]   68e64c27-951d-4a19-b7c9-438633c63b0b -> 86c77401-5706-4c5e-ae68-92b2f05c6163
[2026-02-25 07:45:26] [INFO]   aae9cfca-ef91-42d0-bfeb-c82a5bf0a970 -> 7848c1d3-6b5f-4342-a5a9-566ded5e9c0b
[2026-02-25 07:45:26] [INFO]   bb80c536-4974-422e-91bf-6c6f9b70add8 -> 89d027d7-53f3-4c1c-84f6-b258889bba06
[2026-02-25 07:45:26] [INFO]   ... and 24 more.
[2026-02-25 07:45:26] [====] =========================================
[2026-02-25 07:45:26] [====]  MIGRATION COMPLETE
[2026-02-25 07:45:26] [====] =========================================
[2026-02-25 07:45:26] [OK] Classification:    7 success, 0 failed
[2026-02-25 07:45:26] [OK] SubClassification: 47 success, 0 failed
[2026-02-25 07:45:26] [OK] Hierarchy:         54 success, 0 failed
[2026-02-25 07:45:26] [OK] Total GUID mappings: 54
[2026-02-25 07:45:26] [OK] Duration: 3.5s
[2026-02-25 07:45:26] [INFO] Log file: /Users/shreedhardeshwal/Desktop/SA/CouchBase/Datamigration/GuidMigration/GuidMigration/bin/Debug/net8.0/../../../logs/migration-2026-02-25_07-45-22.log
[2026-02-25 07:45:26] [INFO] Report folder: /Users/shreedhardeshwal/Desktop/SA/CouchBase/Datamigration/GuidMigration/GuidMigration/bin/Debug/net8.0/../../../reports/migration-2026-02-25_07-45-26
[2026-02-25 07:45:26] [====] =========================================
